# JRE version: OpenJDK Runtime Environment Temurin-21.0.8+9 (21.0.8+9) (build 21.0.8+9-LTS)
# Java VM: OpenJDK 64-Bit Server VM Temurin-21.0.8+9 (21.0.8+9-LTS, mixed mode, sharing, tiered, compressed oops, compressed class ptrs, parallel gc, windows-amd64)
GC Precious Log:
 CardTable entry size: 512
 CPUs: 8 total, 8 available
 Memory: 16266M
 Large Page Support: Disabled
 NUMA Support: Disabled
 Compressed Oops: Enabled (32-bit)
 Alignments: Space 512K, Generation 512K, Heap 2M
 Heap Min Capacity: 100M
 Heap Initial Capacity: 100M
 Heap Max Capacity: 2G
 Pre-touch: Disabled
 Parallel Workers: 8
Heap:
 PSYoungGen      total 6144K, used 6144K [0x00000000d5580000, 0x00000000d5e80000, 0x0000000100000000)
  eden space 5120K, 100% used [0x00000000d5580000,0x00000000d5a80000,0x00000000d5a80000)
  from space 1024K, 100% used [0x00000000d5a80000,0x00000000d5b80000,0x00000000d5b80000)
  to   space 2048K, 37% used [0x00000000d5c80000,0x00000000d5d3ee10,0x00000000d5e80000)
 ParOldGen       total 1398272K, used 1398271K [0x0000000080000000, 0x00000000d5580000, 0x00000000d5580000)
  object space 1398272K, 99% used [0x0000000080000000,0x00000000d557fc78,0x00000000d5580000)
 Metaspace       used 91048K, committed 92992K, reserved 1179648K
  class space    used 9132K, committed 10048K, reserved 1048576K
GC Heap History (20 events):
Event: 9923.690 GC heap after
{Heap after GC invocations=1978 (full 5):
 PSYoungGen      total 5632K, used 388K [0x00000000d5580000, 0x00000000d5c80000, 0x0000000100000000)
  eden space 5120K, 0% used [0x00000000d5580000,0x00000000d5580000,0x00000000d5a80000)
  from space 512K, 75% used [0x00000000d5b80000,0x00000000d5be1230,0x00000000d5c00000)
  to   space 512K, 0% used [0x00000000d5c00000,0x00000000d5c00000,0x00000000d5c80000)
 ParOldGen       total 1396224K, used 1395916K [0x0000000080000000, 0x00000000d5380000, 0x00000000d5580000)
  object space 1396224K, 99% used [0x0000000080000000,0x00000000d53333c8,0x00000000d5380000)
 Metaspace       used 91037K, committed 92992K, reserved 1179648K
  class space    used 9132K, committed 10048K, reserved 1048576K
}
Event: 9923.705 GC heap before
{Heap before GC invocations=1979 (full 5):
 PSYoungGen      total 5632K, used 5508K [0x00000000d5580000, 0x00000000d5c80000, 0x0000000100000000)
  eden space 5120K, 100% used [0x00000000d5580000,0x00000000d5a80000,0x00000000d5a80000)
  from space 512K, 75% used [0x00000000d5b80000,0x00000000d5be1230,0x00000000d5c00000)
  to   space 512K, 0% used [0x00000000d5c00000,0x00000000d5c00000,0x00000000d5c80000)
 ParOldGen       total 1396224K, used 1395916K [0x0000000080000000, 0x00000000d5380000, 0x00000000d5580000)
  object space 1396224K, 99% used [0x0000000080000000,0x00000000d53333c8,0x00000000d5380000)
 Metaspace       used 91037K, committed 92992K, reserved 1179648K
  class space    used 9132K, committed 10048K, reserved 1048576K
}
Event: 9923.707 GC heap after
{Heap after GC invocations=1979 (full 5):
 PSYoungGen      total 5632K, used 276K [0x00000000d5580000, 0x00000000d5c80000, 0x0000000100000000)
  eden space 5120K, 0% used [0x00000000d5580000,0x00000000d5580000,0x00000000d5a80000)
  from space 512K, 54% used [0x00000000d5c00000,0x00000000d5c45200,0x00000000d5c80000)
  to   space 512K, 0% used [0x00000000d5b80000,0x00000000d5b80000,0x00000000d5c00000)
 ParOldGen       total 1396224K, used 1396036K [0x0000000080000000, 0x00000000d5380000, 0x00000000d5580000)
  object space 1396224K, 99% used [0x0000000080000000,0x00000000d53513e8,0x00000000d5380000)
 Metaspace       used 91037K, committed 92992K, reserved 1179648K
  class space    used 9132K, committed 10048K, reserved 1048576K
}
Event: 9924.003 GC heap before
{Heap before GC invocations=1980 (full 5):
 PSYoungGen      total 5632K, used 5396K [0x00000000d5580000, 0x00000000d5c80000, 0x0000000100000000)
  eden space 5120K, 100% used [0x00000000d5580000,0x00000000d5a80000,0x00000000d5a80000)
  from space 512K, 54% used [0x00000000d5c00000,0x00000000d5c45200,0x00000000d5c80000)
  to   space 512K, 0% used [0x00000000d5b80000,0x00000000d5b80000,0x00000000d5c00000)
 ParOldGen       total 1396224K, used 1396036K [0x0000000080000000, 0x00000000d5380000, 0x00000000d5580000)
  object space 1396224K, 99% used [0x0000000080000000,0x00000000d53513e8,0x00000000d5380000)
 Metaspace       used 91037K, committed 92992K, reserved 1179648K
  class space    used 9132K, committed 10048K, reserved 1048576K
}
Event: 9924.007 GC heap after
{Heap after GC invocations=1980 (full 5):
 PSYoungGen      total 5632K, used 224K [0x00000000d5580000, 0x00000000d5c80000, 0x0000000100000000)
  eden space 5120K, 0% used [0x00000000d5580000,0x00000000d5580000,0x00000000d5a80000)
  from space 512K, 43% used [0x00000000d5b80000,0x00000000d5bb8000,0x00000000d5c00000)
  to   space 512K, 0% used [0x00000000d5c00000,0x00000000d5c00000,0x00000000d5c80000)
 ParOldGen       total 1396224K, used 1396084K [0x0000000080000000, 0x00000000d5380000, 0x00000000d5580000)
  object space 1396224K, 99% used [0x0000000080000000,0x00000000d535d3e8,0x00000000d5380000)
 Metaspace       used 91037K, committed 92992K, reserved 1179648K
  class space    used 9132K, committed 10048K, reserved 1048576K
}
Event: 9924.031 GC heap before
{Heap before GC invocations=1981 (full 5):
 PSYoungGen      total 5632K, used 5344K [0x00000000d5580000, 0x00000000d5c80000, 0x0000000100000000)
  eden space 5120K, 100% used [0x00000000d5580000,0x00000000d5a80000,0x00000000d5a80000)
  from space 512K, 43% used [0x00000000d5b80000,0x00000000d5bb8000,0x00000000d5c00000)
  to   space 512K, 0% used [0x00000000d5c00000,0x00000000d5c00000,0x00000000d5c80000)
 ParOldGen       total 1396224K, used 1396084K [0x0000000080000000, 0x00000000d5380000, 0x00000000d5580000)
  object space 1396224K, 99% used [0x0000000080000000,0x00000000d535d3e8,0x00000000d5380000)
 Metaspace       used 91039K, committed 92992K, reserved 1179648K
  class space    used 9132K, committed 10048K, reserved 1048576K
}
Event: 9924.035 GC heap after
{Heap after GC invocations=1981 (full 5):
 PSYoungGen      total 5632K, used 160K [0x00000000d5580000, 0x00000000d5c80000, 0x0000000100000000)
  eden space 5120K, 0% used [0x00000000d5580000,0x00000000d5580000,0x00000000d5a80000)
  from space 512K, 31% used [0x00000000d5c00000,0x00000000d5c28000,0x00000000d5c80000)
  to   space 512K, 0% used [0x00000000d5b80000,0x00000000d5b80000,0x00000000d5c00000)
 ParOldGen       total 1396224K, used 1396140K [0x0000000080000000, 0x00000000d5380000, 0x00000000d5580000)
  object space 1396224K, 99% used [0x0000000080000000,0x00000000d536b3e8,0x00000000d5380000)
 Metaspace       used 91039K, committed 92992K, reserved 1179648K
  class space    used 9132K, committed 10048K, reserved 1048576K
}
Event: 9927.937 GC heap before
{Heap before GC invocations=1982 (full 5):
 PSYoungGen      total 5632K, used 5280K [0x00000000d5580000, 0x00000000d5c80000, 0x0000000100000000)
  eden space 5120K, 100% used [0x00000000d5580000,0x00000000d5a80000,0x00000000d5a80000)
  from space 512K, 31% used [0x00000000d5c00000,0x00000000d5c28000,0x00000000d5c80000)
  to   space 512K, 0% used [0x00000000d5b80000,0x00000000d5b80000,0x00000000d5c00000)
 ParOldGen       total 1396224K, used 1396140K [0x0000000080000000, 0x00000000d5380000, 0x00000000d5580000)
  object space 1396224K, 99% used [0x0000000080000000,0x00000000d536b3e8,0x00000000d5380000)
 Metaspace       used 91042K, committed 92992K, reserved 1179648K
  class space    used 9132K, committed 10048K, reserved 1048576K
}
Event: 9927.939 GC heap after
{Heap after GC invocations=1982 (full 5):
 PSYoungGen      total 5632K, used 256K [0x00000000d5580000, 0x00000000d5c80000, 0x0000000100000000)
  eden space 5120K, 0% used [0x00000000d5580000,0x00000000d5580000,0x00000000d5a80000)
  from space 512K, 50% used [0x00000000d5b80000,0x00000000d5bc0000,0x00000000d5c00000)
  to   space 512K, 0% used [0x00000000d5c00000,0x00000000d5c00000,0x00000000d5c80000)
 ParOldGen       total 1396224K, used 1396164K [0x0000000080000000, 0x00000000d5380000, 0x00000000d5580000)
  object space 1396224K, 99% used [0x0000000080000000,0x00000000d53713e8,0x00000000d5380000)
 Metaspace       used 91042K, committed 92992K, reserved 1179648K
  class space    used 9132K, committed 10048K, reserved 1048576K
}
Event: 9927.949 GC heap before
{Heap before GC invocations=1983 (full 5):
 PSYoungGen      total 5632K, used 5376K [0x00000000d5580000, 0x00000000d5c80000, 0x0000000100000000)
  eden space 5120K, 100% used [0x00000000d5580000,0x00000000d5a80000,0x00000000d5a80000)
  from space 512K, 50% used [0x00000000d5b80000,0x00000000d5bc0000,0x00000000d5c00000)
  to   space 512K, 0% used [0x00000000d5c00000,0x00000000d5c00000,0x00000000d5c80000)
 ParOldGen       total 1396224K, used 1396164K [0x0000000080000000, 0x00000000d5380000, 0x00000000d5580000)
  object space 1396224K, 99% used [0x0000000080000000,0x00000000d53713e8,0x00000000d5380000)
 Metaspace       used 91042K, committed 92992K, reserved 1179648K
  class space    used 9132K, committed 10048K, reserved 1048576K
}
Event: 9927.951 GC heap after
{Heap after GC invocations=1983 (full 5):
 PSYoungGen      total 5632K, used 500K [0x00000000d5580000, 0x00000000d5c80000, 0x0000000100000000)
  eden space 5120K, 0% used [0x00000000d5580000,0x00000000d5580000,0x00000000d5a80000)
  from space 512K, 97% used [0x00000000d5c00000,0x00000000d5c7d200,0x00000000d5c80000)
  to   space 1024K, 0% used [0x00000000d5a80000,0x00000000d5a80000,0x00000000d5b80000)
 ParOldGen       total 1396736K, used 1396468K [0x0000000080000000, 0x00000000d5400000, 0x00000000d5580000)
  object space 1396736K, 99% used [0x0000000080000000,0x00000000d53bd3e8,0x00000000d5400000)
 Metaspace       used 91042K, committed 92992K, reserved 1179648K
  class space    used 9132K, committed 10048K, reserved 1048576K
}
Event: 9927.971 GC heap before
{Heap before GC invocations=1984 (full 5):
 PSYoungGen      total 5632K, used 5620K [0x00000000d5580000, 0x00000000d5c80000, 0x0000000100000000)
  eden space 5120K, 100% used [0x00000000d5580000,0x00000000d5a80000,0x00000000d5a80000)
  from space 512K, 97% used [0x00000000d5c00000,0x00000000d5c7d200,0x00000000d5c80000)
  to   space 1024K, 0% used [0x00000000d5a80000,0x00000000d5a80000,0x00000000d5b80000)
 ParOldGen       total 1396736K, used 1396468K [0x0000000080000000, 0x00000000d5400000, 0x00000000d5580000)
  object space 1396736K, 99% used [0x0000000080000000,0x00000000d53bd3e8,0x00000000d5400000)
 Metaspace       used 91042K, committed 92992K, reserved 1179648K
  class space    used 9132K, committed 10048K, reserved 1048576K
}
Event: 9927.974 GC heap after
{Heap after GC invocations=1984 (full 5):
 PSYoungGen      total 6144K, used 448K [0x00000000d5580000, 0x00000000d5c80000, 0x0000000100000000)
  eden space 5120K, 0% used [0x00000000d5580000,0x00000000d5580000,0x00000000d5a80000)
  from space 1024K, 43% used [0x00000000d5a80000,0x00000000d5af0000,0x00000000d5b80000)
  to   space 1024K, 0% used [0x00000000d5b80000,0x00000000d5b80000,0x00000000d5c80000)
 ParOldGen       total 1397248K, used 1396977K [0x0000000080000000, 0x00000000d5480000, 0x00000000d5580000)
  object space 1397248K, 99% used [0x0000000080000000,0x00000000d543c5f8,0x00000000d5480000)
 Metaspace       used 91042K, committed 92992K, reserved 1179648K
  class space    used 9132K, committed 10048K, reserved 1048576K
}
Event: 9932.803 GC heap before
{Heap before GC invocations=1985 (full 5):
 PSYoungGen      total 6144K, used 5568K [0x00000000d5580000, 0x00000000d5c80000, 0x0000000100000000)
  eden space 5120K, 100% used [0x00000000d5580000,0x00000000d5a80000,0x00000000d5a80000)
  from space 1024K, 43% used [0x00000000d5a80000,0x00000000d5af0000,0x00000000d5b80000)
  to   space 1024K, 0% used [0x00000000d5b80000,0x00000000d5b80000,0x00000000d5c80000)
 ParOldGen       total 1397248K, used 1396977K [0x0000000080000000, 0x00000000d5480000, 0x00000000d5580000)
  object space 1397248K, 99% used [0x0000000080000000,0x00000000d543c5f8,0x00000000d5480000)
 Metaspace       used 91046K, committed 92992K, reserved 1179648K
  class space    used 9132K, committed 10048K, reserved 1048576K
}
Event: 9932.809 GC heap after
{Heap after GC invocations=1985 (full 5):
 PSYoungGen      total 6144K, used 538K [0x00000000d5580000, 0x00000000d5c80000, 0x0000000100000000)
  eden space 5120K, 0% used [0x00000000d5580000,0x00000000d5580000,0x00000000d5a80000)
  from space 1024K, 52% used [0x00000000d5b80000,0x00000000d5c06900,0x00000000d5c80000)
  to   space 1024K, 0% used [0x00000000d5a80000,0x00000000d5a80000,0x00000000d5b80000)
 ParOldGen       total 1397248K, used 1397215K [0x0000000080000000, 0x00000000d5480000, 0x00000000d5580000)
  object space 1397248K, 99% used [0x0000000080000000,0x00000000d5477d78,0x00000000d5480000)
 Metaspace       used 91046K, committed 92992K, reserved 1179648K
  class space    used 9132K, committed 10048K, reserved 1048576K
}
Event: 9932.845 GC heap before
{Heap before GC invocations=1986 (full 5):
 PSYoungGen      total 6144K, used 5658K [0x00000000d5580000, 0x00000000d5c80000, 0x0000000100000000)
  eden space 5120K, 100% used [0x00000000d5580000,0x00000000d5a80000,0x00000000d5a80000)
  from space 1024K, 52% used [0x00000000d5b80000,0x00000000d5c06900,0x00000000d5c80000)
  to   space 1024K, 0% used [0x00000000d5a80000,0x00000000d5a80000,0x00000000d5b80000)
 ParOldGen       total 1397248K, used 1397215K [0x0000000080000000, 0x00000000d5480000, 0x00000000d5580000)
  object space 1397248K, 99% used [0x0000000080000000,0x00000000d5477d78,0x00000000d5480000)
 Metaspace       used 91048K, committed 92992K, reserved 1179648K
  class space    used 9132K, committed 10048K, reserved 1048576K
}
Event: 9932.851 GC heap after
{Heap after GC invocations=1986 (full 5):
 PSYoungGen      total 6144K, used 1024K [0x00000000d5580000, 0x00000000d5e80000, 0x0000000100000000)
  eden space 5120K, 0% used [0x00000000d5580000,0x00000000d5580000,0x00000000d5a80000)
  from space 1024K, 100% used [0x00000000d5a80000,0x00000000d5b80000,0x00000000d5b80000)
  to   space 2048K, 0% used [0x00000000d5c80000,0x00000000d5c80000,0x00000000d5e80000)
 ParOldGen       total 1397760K, used 1397671K [0x0000000080000000, 0x00000000d5500000, 0x00000000d5580000)
  object space 1397760K, 99% used [0x0000000080000000,0x00000000d54e9c78,0x00000000d5500000)
 Metaspace       used 91048K, committed 92992K, reserved 1179648K
  class space    used 9132K, committed 10048K, reserved 1048576K
}
Event: 9932.865 GC heap before
{Heap before GC invocations=1987 (full 5):
 PSYoungGen      total 6144K, used 6144K [0x00000000d5580000, 0x00000000d5e80000, 0x0000000100000000)
  eden space 5120K, 100% used [0x00000000d5580000,0x00000000d5a80000,0x00000000d5a80000)
  from space 1024K, 100% used [0x00000000d5a80000,0x00000000d5b80000,0x00000000d5b80000)
  to   space 2048K, 0% used [0x00000000d5c80000,0x00000000d5c80000,0x00000000d5e80000)
 ParOldGen       total 1397760K, used 1397671K [0x0000000080000000, 0x00000000d5500000, 0x00000000d5580000)
  object space 1397760K, 99% used [0x0000000080000000,0x00000000d54e9c78,0x00000000d5500000)
 Metaspace       used 91048K, committed 92992K, reserved 1179648K
  class space    used 9132K, committed 10048K, reserved 1048576K
}
Event: 9932.873 GC heap after
{Heap after GC invocations=1987 (full 5):
 PSYoungGen      total 6144K, used 6144K [0x00000000d5580000, 0x00000000d5e80000, 0x0000000100000000)
  eden space 5120K, 100% used [0x00000000d5580000,0x00000000d5a80000,0x00000000d5a80000)
  from space 1024K, 100% used [0x00000000d5a80000,0x00000000d5b80000,0x00000000d5b80000)
  to   space 2048K, 37% used [0x00000000d5c80000,0x00000000d5d3ee10,0x00000000d5e80000)
 ParOldGen       total 1398272K, used 1398271K [0x0000000080000000, 0x00000000d5580000, 0x00000000d5580000)
  object space 1398272K, 99% used [0x0000000080000000,0x00000000d557fc78,0x00000000d5580000)
 Metaspace       used 91048K, committed 92992K, reserved 1179648K
  class space    used 9132K, committed 10048K, reserved 1048576K
}
Event: 9932.873 GC heap before
{Heap before GC invocations=1988 (full 6):
 PSYoungGen      total 6144K, used 6144K [0x00000000d5580000, 0x00000000d5e80000, 0x0000000100000000)
  eden space 5120K, 100% used [0x00000000d5580000,0x00000000d5a80000,0x00000000d5a80000)
  from space 1024K, 100% used [0x00000000d5a80000,0x00000000d5b80000,0x00000000d5b80000)
  to   space 2048K, 37% used [0x00000000d5c80000,0x00000000d5d3ee10,0x00000000d5e80000)
 ParOldGen       total 1398272K, used 1398271K [0x0000000080000000, 0x00000000d5580000, 0x00000000d5580000)
  object space 1398272K, 99% used [0x0000000080000000,0x00000000d557fc78,0x00000000d5580000)
 Metaspace       used 91048K, committed 92992K, reserved 1179648K
  class space    used 9132K, committed 10048K, reserved 1048576K
}

